{"uid":"4e8bfb440415cbf","name":"test_finish_overview_empty_cart","fullName":"tests.test_overview#test_finish_overview_empty_cart","historyId":"60f1b0230ec0b345a428ac7ba76c3ba0","time":{"start":1670135473733,"stop":1670135474081,"duration":348},"status":"skipped","statusMessage":"XFAIL\n\nAssertionError: Wrong page\nassert 'checkout-complete' not in 'https://www...omplete.html'\n  'checkout-complete' is contained here:\n    https://www.saucedemo.com/checkout-complete.html\n  ?                           +++++++++++++++++","statusTrace":"browser = <selenium.webdriver.chrome.webdriver.WebDriver (session=\"8aa2d1a3a43859a52264a07809820dbb\")>\n\n    @allure.feature(\n        \"US_006.00 | Checkout: overview > Страница проверки и подтверждения заказа..\"\n    )\n    @allure.story(\n        \"TC_006.02.02 |  Checkout: overview > Работа кнопки 'FINISH' на странице 'Checkout: overview' \"\n        \"при отсутствии товаров в корзине.\"\n    )\n    @pytest.mark.xfail\n    def test_finish_overview_empty_cart(browser):\n        page = InventoryPage(browser, link)\n        page.go_to_cart()\n        page = CartPage(browser, link)\n        page.checkout_btn()\n        page = Checkout_page(browser, link)\n        page.checkout_user()\n        page = Overview_page(browser, link)\n        page.go_to_finish()\n>       assert \"checkout-complete\" not in browser.current_url, \"Wrong page\"\nE       AssertionError: Wrong page\nE       assert 'checkout-complete' not in 'https://www...omplete.html'\nE         'checkout-complete' is contained here:\nE           https://www.saucedemo.com/checkout-complete.html\nE         ?                           +++++++++++++++++\n\ntests/test_overview.py:134: AssertionError","flaky":false,"newFailed":false,"newBroken":false,"newPassed":false,"retriesCount":0,"retriesStatusChange":false,"beforeStages":[{"name":"username","time":{"start":1670135472571,"stop":1670135472571,"duration":0},"status":"passed","steps":[],"attachments":[],"parameters":[],"stepsCount":0,"attachmentsCount":0,"shouldDisplayMessage":false,"hasContent":false},{"name":"password","time":{"start":1670135472571,"stop":1670135472571,"duration":0},"status":"passed","steps":[],"attachments":[],"parameters":[],"stepsCount":0,"attachmentsCount":0,"shouldDisplayMessage":false,"hasContent":false},{"name":"browser","time":{"start":1670135472571,"stop":1670135473733,"duration":1162},"status":"passed","steps":[],"attachments":[],"parameters":[],"stepsCount":0,"attachmentsCount":0,"shouldDisplayMessage":false,"hasContent":false}],"afterStages":[{"name":"browser::0","time":{"start":1670135474085,"stop":1670135474142,"duration":57},"status":"passed","steps":[],"attachments":[],"parameters":[],"stepsCount":0,"attachmentsCount":0,"shouldDisplayMessage":false,"hasContent":false}],"labels":[{"name":"story","value":"TC_006.02.02 |  Checkout: overview > Работа кнопки 'FINISH' на странице 'Checkout: overview' при отсутствии товаров в корзине."},{"name":"feature","value":"US_006.00 | Checkout: overview > Страница проверки и подтверждения заказа.."},{"name":"tag","value":"@pytest.mark.xfail"},{"name":"parentSuite","value":"tests"},{"name":"suite","value":"test_overview"},{"name":"host","value":"fv-az163-616"},{"name":"thread","value":"2939-MainThread"},{"name":"framework","value":"pytest"},{"name":"language","value":"cpython3"},{"name":"package","value":"tests.test_overview"},{"name":"resultFormat","value":"allure2"}],"parameters":[],"links":[],"hidden":false,"retry":false,"extra":{"severity":"normal","retries":[],"categories":[],"tags":["@pytest.mark.xfail"]},"source":"4e8bfb440415cbf.json","parameterValues":[]}