{"uid":"1bebbb2f64cf9b88","name":"test_click_on_logo_from_complete_page[problem_user]","fullName":"tests.test_header#test_click_on_logo_from_complete_page","historyId":"af754607704f919f5dfd049f671bd4f7","time":{"start":1670339041197,"stop":1670339051650,"duration":10453},"status":"skipped","statusMessage":"XFAIL\n\nselenium.common.exceptions.NoSuchElementException: Message: no such element: Unable to locate element: {\"method\":\"css selector\",\"selector\":\"#finish\"}\n  (Session info: headless chrome=107.0.5304.121)\nStacktrace:\n#0 0x562ed14a8463 <unknown>\n#1 0x562ed126c8d8 <unknown>\n#2 0x562ed12aa43a <unknown>\n#3 0x562ed12aa651 <unknown>\n#4 0x562ed12e67a4 <unknown>\n#5 0x562ed12cb64d <unknown>\n#6 0x562ed12e430f <unknown>\n#7 0x562ed12cb443 <unknown>\n#8 0x562ed129c3c5 <unknown>\n#9 0x562ed129d531 <unknown>\n#10 0x562ed14fadce <unknown>\n#11 0x562ed14fe192 <unknown>\n#12 0x562ed14df93e <unknown>\n#13 0x562ed14ff103 <unknown>\n#14 0x562ed14d2d85 <unknown>\n#15 0x562ed15200a8 <unknown>\n#16 0x562ed1520239 <unknown>\n#17 0x562ed153b492 <unknown>\n#18 0x7fa5d692a609 start_thread","statusTrace":"browser = <selenium.webdriver.chrome.webdriver.WebDriver (session=\"0f4b0636ccb33c764229e68d94e4186b\")>\n\n    @allure.feature(\"US_008.00 | Header\")\n    @allure.story(\n        \"TC_008.02.04 | Header > Переход по клику на логотип со страницы Checkout: complete! на страницу Products\"\n    )\n    @pytest.mark.parametrize(\"username\", list_username)\n    @pytest.mark.xfail\n    def test_click_on_logo_from_complete_page(browser):\n        page = InventoryPage(browser, link)\n        page.go_to_cart()\n        page = CartPage(browser, link)\n        page.checkout_btn()\n        page = Checkout_page(browser, link)\n        page.checkout_user()\n        page = Overview_page(browser, link)\n>       page.go_to_finish()\n\ntests/test_header.py:183: \n_ _ _ _ _ _ _ _ _ _ _ _ _ _ _ _ _ _ _ _ _ _ _ _ _ _ _ _ _ _ _ _ _ _ _ _ _ _ _ _ \npages/overview_page.py:21: in go_to_finish\n    self.browser.find_element(*BTN_FINISH).click()\n../../../.cache/pypoetry/virtualenvs/sauce-NlGQ8SHG-py3.10/lib/python3.10/site-packages/selenium/webdriver/remote/webdriver.py:861: in find_element\n    return self.execute(Command.FIND_ELEMENT, {\"using\": by, \"value\": value})[\"value\"]\n../../../.cache/pypoetry/virtualenvs/sauce-NlGQ8SHG-py3.10/lib/python3.10/site-packages/selenium/webdriver/remote/webdriver.py:444: in execute\n    self.error_handler.check_response(response)\n_ _ _ _ _ _ _ _ _ _ _ _ _ _ _ _ _ _ _ _ _ _ _ _ _ _ _ _ _ _ _ _ _ _ _ _ _ _ _ _ \n\nself = <selenium.webdriver.remote.errorhandler.ErrorHandler object at 0x7f2307b8f670>\nresponse = {'status': 404, 'value': '{\"value\":{\"error\":\"no such element\",\"message\":\"no such element: Unable to locate element: {\\...wn>\\\\n#16 0x562ed1520239 \\\\u003Cunknown>\\\\n#17 0x562ed153b492 \\\\u003Cunknown>\\\\n#18 0x7fa5d692a609 start_thread\\\\n\"}}'}\n\n    def check_response(self, response: Dict[str, Any]) -> None:\n        \"\"\"\n        Checks that a JSON response from the WebDriver does not have an error.\n    \n        :Args:\n         - response - The JSON response from the WebDriver server as a dictionary\n           object.\n    \n        :Raises: If the response contains an error message.\n        \"\"\"\n        status = response.get(\"status\", None)\n        if not status or status == ErrorCode.SUCCESS:\n            return\n        value = None\n        message = response.get(\"message\", \"\")\n        screen: str = response.get(\"screen\", \"\")\n        stacktrace = None\n        if isinstance(status, int):\n            value_json = response.get(\"value\", None)\n            if value_json and isinstance(value_json, str):\n                import json\n    \n                try:\n                    value = json.loads(value_json)\n                    if len(value.keys()) == 1:\n                        value = value[\"value\"]\n                    status = value.get(\"error\", None)\n                    if not status:\n                        status = value.get(\"status\", ErrorCode.UNKNOWN_ERROR)\n                        message = value.get(\"value\") or value.get(\"message\")\n                        if not isinstance(message, str):\n                            value = message\n                            message = message.get(\"message\")\n                    else:\n                        message = value.get(\"message\", None)\n                except ValueError:\n                    pass\n    \n        exception_class: Type[WebDriverException]\n        if status in ErrorCode.NO_SUCH_ELEMENT:\n            exception_class = NoSuchElementException\n        elif status in ErrorCode.NO_SUCH_FRAME:\n            exception_class = NoSuchFrameException\n        elif status in ErrorCode.NO_SUCH_SHADOW_ROOT:\n            exception_class = NoSuchShadowRootException\n        elif status in ErrorCode.NO_SUCH_WINDOW:\n            exception_class = NoSuchWindowException\n        elif status in ErrorCode.STALE_ELEMENT_REFERENCE:\n            exception_class = StaleElementReferenceException\n        elif status in ErrorCode.ELEMENT_NOT_VISIBLE:\n            exception_class = ElementNotVisibleException\n        elif status in ErrorCode.INVALID_ELEMENT_STATE:\n            exception_class = InvalidElementStateException\n        elif (\n            status in ErrorCode.INVALID_SELECTOR\n            or status in ErrorCode.INVALID_XPATH_SELECTOR\n            or status in ErrorCode.INVALID_XPATH_SELECTOR_RETURN_TYPER\n        ):\n            exception_class = InvalidSelectorException\n        elif status in ErrorCode.ELEMENT_IS_NOT_SELECTABLE:\n            exception_class = ElementNotSelectableException\n        elif status in ErrorCode.ELEMENT_NOT_INTERACTABLE:\n            exception_class = ElementNotInteractableException\n        elif status in ErrorCode.INVALID_COOKIE_DOMAIN:\n            exception_class = InvalidCookieDomainException\n        elif status in ErrorCode.UNABLE_TO_SET_COOKIE:\n            exception_class = UnableToSetCookieException\n        elif status in ErrorCode.TIMEOUT:\n            exception_class = TimeoutException\n        elif status in ErrorCode.SCRIPT_TIMEOUT:\n            exception_class = TimeoutException\n        elif status in ErrorCode.UNKNOWN_ERROR:\n            exception_class = WebDriverException\n        elif status in ErrorCode.UNEXPECTED_ALERT_OPEN:\n            exception_class = UnexpectedAlertPresentException\n        elif status in ErrorCode.NO_ALERT_OPEN:\n            exception_class = NoAlertPresentException\n        elif status in ErrorCode.IME_NOT_AVAILABLE:\n            exception_class = ImeNotAvailableException\n        elif status in ErrorCode.IME_ENGINE_ACTIVATION_FAILED:\n            exception_class = ImeActivationFailedException\n        elif status in ErrorCode.MOVE_TARGET_OUT_OF_BOUNDS:\n            exception_class = MoveTargetOutOfBoundsException\n        elif status in ErrorCode.JAVASCRIPT_ERROR:\n            exception_class = JavascriptException\n        elif status in ErrorCode.SESSION_NOT_CREATED:\n            exception_class = SessionNotCreatedException\n        elif status in ErrorCode.INVALID_ARGUMENT:\n            exception_class = InvalidArgumentException\n        elif status in ErrorCode.NO_SUCH_COOKIE:\n            exception_class = NoSuchCookieException\n        elif status in ErrorCode.UNABLE_TO_CAPTURE_SCREEN:\n            exception_class = ScreenshotException\n        elif status in ErrorCode.ELEMENT_CLICK_INTERCEPTED:\n            exception_class = ElementClickInterceptedException\n        elif status in ErrorCode.INSECURE_CERTIFICATE:\n            exception_class = InsecureCertificateException\n        elif status in ErrorCode.INVALID_COORDINATES:\n            exception_class = InvalidCoordinatesException\n        elif status in ErrorCode.INVALID_SESSION_ID:\n            exception_class = InvalidSessionIdException\n        elif status in ErrorCode.UNKNOWN_METHOD:\n            exception_class = UnknownMethodException\n        else:\n            exception_class = WebDriverException\n        if not value:\n            value = response[\"value\"]\n        if isinstance(value, str):\n            raise exception_class(value)\n        if message == \"\" and \"message\" in value:\n            message = value[\"message\"]\n    \n        screen = None  # type: ignore[assignment]\n        if \"screen\" in value:\n            screen = value[\"screen\"]\n    \n        stacktrace = None\n        st_value = value.get(\"stackTrace\") or value.get(\"stacktrace\")\n        if st_value:\n            if isinstance(st_value, str):\n                stacktrace = st_value.split(\"\\n\")\n            else:\n                stacktrace = []\n                try:\n                    for frame in st_value:\n                        line = frame.get(\"lineNumber\", \"\")\n                        file = frame.get(\"fileName\", \"<anonymous>\")\n                        if line:\n                            file = f\"{file}:{line}\"\n                        meth = frame.get(\"methodName\", \"<anonymous>\")\n                        if \"className\" in frame:\n                            meth = \"{}.{}\".format(frame[\"className\"], meth)\n                        msg = \"    at %s (%s)\"\n                        msg = msg % (meth, file)\n                        stacktrace.append(msg)\n                except TypeError:\n                    pass\n        if exception_class == UnexpectedAlertPresentException:\n            alert_text = None\n            if \"data\" in value:\n                alert_text = value[\"data\"].get(\"text\")\n            elif \"alert\" in value:\n                alert_text = value[\"alert\"].get(\"text\")\n            raise exception_class(message, screen, stacktrace, alert_text)  # type: ignore[call-arg]  # mypy is not smart enough here\n>       raise exception_class(message, screen, stacktrace)\nE       selenium.common.exceptions.NoSuchElementException: Message: no such element: Unable to locate element: {\"method\":\"css selector\",\"selector\":\"#finish\"}\nE         (Session info: headless chrome=107.0.5304.121)\nE       Stacktrace:\nE       #0 0x562ed14a8463 <unknown>\nE       #1 0x562ed126c8d8 <unknown>\nE       #2 0x562ed12aa43a <unknown>\nE       #3 0x562ed12aa651 <unknown>\nE       #4 0x562ed12e67a4 <unknown>\nE       #5 0x562ed12cb64d <unknown>\nE       #6 0x562ed12e430f <unknown>\nE       #7 0x562ed12cb443 <unknown>\nE       #8 0x562ed129c3c5 <unknown>\nE       #9 0x562ed129d531 <unknown>\nE       #10 0x562ed14fadce <unknown>\nE       #11 0x562ed14fe192 <unknown>\nE       #12 0x562ed14df93e <unknown>\nE       #13 0x562ed14ff103 <unknown>\nE       #14 0x562ed14d2d85 <unknown>\nE       #15 0x562ed15200a8 <unknown>\nE       #16 0x562ed1520239 <unknown>\nE       #17 0x562ed153b492 <unknown>\nE       #18 0x7fa5d692a609 start_thread\n\n../../../.cache/pypoetry/virtualenvs/sauce-NlGQ8SHG-py3.10/lib/python3.10/site-packages/selenium/webdriver/remote/errorhandler.py:249: NoSuchElementException","flaky":false,"newFailed":false,"newBroken":false,"newPassed":false,"retriesCount":0,"retriesStatusChange":false,"beforeStages":[{"name":"browser","time":{"start":1670339039870,"stop":1670339041196,"duration":1326},"status":"passed","steps":[],"attachments":[],"parameters":[],"stepsCount":0,"attachmentsCount":0,"shouldDisplayMessage":false,"hasContent":false},{"name":"time_delta","time":{"start":1670339039870,"stop":1670339039870,"duration":0},"status":"passed","steps":[],"attachments":[],"parameters":[],"stepsCount":0,"attachmentsCount":0,"shouldDisplayMessage":false,"hasContent":false},{"name":"password","time":{"start":1670339039870,"stop":1670339039870,"duration":0},"status":"passed","steps":[],"attachments":[],"parameters":[],"stepsCount":0,"attachmentsCount":0,"shouldDisplayMessage":false,"hasContent":false},{"name":"username","time":{"start":1670340602304,"stop":1670340602304,"duration":0},"status":"passed","steps":[],"attachments":[],"parameters":[],"stepsCount":0,"attachmentsCount":0,"shouldDisplayMessage":false,"hasContent":false}],"afterStages":[{"name":"browser::0","time":{"start":1670339051692,"stop":1670339051754,"duration":62},"status":"passed","steps":[],"attachments":[],"parameters":[],"stepsCount":0,"attachmentsCount":0,"shouldDisplayMessage":false,"hasContent":false},{"name":"time_delta::0","time":{"start":1670339051755,"stop":1670339051755,"duration":0},"status":"passed","steps":[],"attachments":[],"parameters":[],"stepsCount":0,"attachmentsCount":0,"shouldDisplayMessage":false,"hasContent":false}],"labels":[{"name":"story","value":"TC_008.02.04 | Header > Переход по клику на логотип со страницы Checkout: complete! на страницу Products"},{"name":"feature","value":"US_008.00 | Header"},{"name":"tag","value":"@pytest.mark.xfail"},{"name":"parentSuite","value":"tests"},{"name":"suite","value":"test_header"},{"name":"host","value":"fv-az241-905"},{"name":"thread","value":"2709-MainThread"},{"name":"framework","value":"pytest"},{"name":"language","value":"cpython3"},{"name":"package","value":"tests.test_header"},{"name":"resultFormat","value":"allure2"}],"parameters":[{"name":"username","value":"'problem_user'"}],"links":[],"hidden":false,"retry":false,"extra":{"severity":"normal","retries":[],"categories":[],"tags":["@pytest.mark.xfail"]},"source":"1bebbb2f64cf9b88.json","parameterValues":["'problem_user'"]}