{"uid":"2eed2298e8128475","name":"test_continue_empty_zip_code[problem_user]","fullName":"tests.test_your_information#test_continue_empty_zip_code","historyId":"7bad4b04ed154f14d8acc57f2ff3387f","time":{"start":1670341217827,"stop":1670341218250,"duration":423},"status":"skipped","statusMessage":"XFAIL Test Failed\n\nAssertionError: Wrong error message","statusTrace":"browser = <selenium.webdriver.chrome.webdriver.WebDriver (session=\"9a1d9b6de6b07a2b4778524af70197e2\")>\n\n    @allure.feature(\"US_005.00 | Checkout: your information > Страница 'Ваша информация'\")\n    @allure.story(\n        \"TC_005.02.05| Checkout: your information > Отсутствие вводимых данных в поле 'Zip/Postal Code' на странице 'Checkout: your information' и работа кнопки 'CONTINUE' (негативный тест).\"\n    )\n    @pytest.mark.parametrize(\n        \"username\",\n        [\n            \"standard_user\",\n            pytest.param(\"problem_user\", marks=pytest.mark.xfail(reason=\"Test Failed\")),\n            \"performance_glitch_user\",\n        ],\n    )\n    def test_continue_empty_zip_code(browser):\n        page = InventoryPage(browser, link)\n        page.add_to_cart_random()\n        page.go_to_cart()\n        page = CartPage(browser, link)\n        page.checkout_btn()\n        page = Checkout_page(browser, link)\n        page.checkout_user_not_click(\n            first_name=\"John\", last_name=\"Smith\", zip_postal_code=\"\"\n        )\n        page.btn_continue_click()\n>       page.error_message_zip()\n\ntests/test_your_information.py:145: \n_ _ _ _ _ _ _ _ _ _ _ _ _ _ _ _ _ _ _ _ _ _ _ _ _ _ _ _ _ _ _ _ _ _ _ _ _ _ _ _ \n\nself = <pages.checkout_page.Checkout_page object at 0x7f23094173d0>\n\n    def error_message_zip(self):\n        \"\"\"Метод получает сообщение об ошибке при незаполненном поле ввода Zip/Postal Code\"\"\"\n        error_message = self.browser.find_element(*ERROR)\n        error_message_text = error_message.text\n        assert (\n>           error_message_text == \"Error: Postal Code is required\"\n        ), \"Wrong error message\"\nE       AssertionError: Wrong error message\n\npages/checkout_page.py:74: AssertionError","flaky":false,"newFailed":false,"newBroken":false,"newPassed":false,"retriesCount":0,"retriesStatusChange":false,"beforeStages":[{"name":"password","time":{"start":1670341216531,"stop":1670341216531,"duration":0},"status":"passed","steps":[],"attachments":[],"parameters":[],"stepsCount":0,"attachmentsCount":0,"shouldDisplayMessage":false,"hasContent":false},{"name":"browser","time":{"start":1670341216531,"stop":1670341217826,"duration":1295},"status":"passed","steps":[],"attachments":[],"parameters":[],"stepsCount":0,"attachmentsCount":0,"shouldDisplayMessage":false,"hasContent":false},{"name":"time_delta","time":{"start":1670341216531,"stop":1670341216531,"duration":0},"status":"passed","steps":[],"attachments":[],"parameters":[],"stepsCount":0,"attachmentsCount":0,"shouldDisplayMessage":false,"hasContent":false}],"afterStages":[{"name":"browser::0","time":{"start":1670341218258,"stop":1670341218317,"duration":59},"status":"passed","steps":[],"attachments":[],"parameters":[],"stepsCount":0,"attachmentsCount":0,"shouldDisplayMessage":false,"hasContent":false},{"name":"time_delta::0","time":{"start":1670341218318,"stop":1670341218318,"duration":0},"status":"passed","steps":[],"attachments":[],"parameters":[],"stepsCount":0,"attachmentsCount":0,"shouldDisplayMessage":false,"hasContent":false}],"labels":[{"name":"story","value":"TC_005.02.05| Checkout: your information > Отсутствие вводимых данных в поле 'Zip/Postal Code' на странице 'Checkout: your information' и работа кнопки 'CONTINUE' (негативный тест)."},{"name":"feature","value":"US_005.00 | Checkout: your information > Страница 'Ваша информация'"},{"name":"tag","value":"@pytest.mark.xfail(reason='Test Failed')"},{"name":"parentSuite","value":"tests"},{"name":"suite","value":"test_your_information"},{"name":"host","value":"fv-az241-905"},{"name":"thread","value":"2709-MainThread"},{"name":"framework","value":"pytest"},{"name":"language","value":"cpython3"},{"name":"package","value":"tests.test_your_information"},{"name":"resultFormat","value":"allure2"}],"parameters":[{"name":"username","value":"'problem_user'"}],"links":[],"hidden":false,"retry":false,"extra":{"severity":"normal","retries":[],"categories":[],"tags":["@pytest.mark.xfail(reason='Test Failed')"]},"source":"2eed2298e8128475.json","parameterValues":["'problem_user'"]}