{"uid":"d1e3cbf19e470246","name":"test_continue_empty_input_fist_name[problem_user]","fullName":"tests.test_your_information#test_continue_empty_input_fist_name","historyId":"3479045740c5b1c2e18f8a5f0822a607","time":{"start":1670341196791,"stop":1670341197242,"duration":451},"status":"skipped","statusMessage":"XFAIL Test Failed\n\nAssertionError: Wrong error message","statusTrace":"browser = <selenium.webdriver.chrome.webdriver.WebDriver (session=\"f86319a048fc5548f5ed6117d6369198\")>\n\n    @allure.feature(\"US_005.00 | Checkout: your information > Страница 'Ваша информация'\")\n    @allure.story(\n        \"TC_005.02.03 | Checkout: your information > Отсутствие вводимых данных в поле 'First name' на странице 'Checkout: your information' и работа кнопки 'CONTINUE' (негативный тест).\"\n    )\n    @pytest.mark.parametrize(\n        \"username\",\n        [\n            \"standard_user\",\n            pytest.param(\"problem_user\", marks=pytest.mark.xfail(reason=\"Test Failed\")),\n            \"performance_glitch_user\",\n        ],\n    )\n    def test_continue_empty_input_fist_name(browser):\n        page = InventoryPage(browser, link)\n        page.add_to_cart_random()\n        page.go_to_cart()\n        page = CartPage(browser, link)\n        page.checkout_btn()\n        page = Checkout_page(browser, link)\n        page.checkout_user_not_click(first_name=\"\", last_name=\"Smith\", zip_postal_code=122)\n        page.btn_continue_click()\n>       page.error_message_first()\n\ntests/test_your_information.py:100: \n_ _ _ _ _ _ _ _ _ _ _ _ _ _ _ _ _ _ _ _ _ _ _ _ _ _ _ _ _ _ _ _ _ _ _ _ _ _ _ _ \n\nself = <pages.checkout_page.Checkout_page object at 0x7f2307b81780>\n\n    def error_message_first(self):\n        \"\"\"Метод получает сообщение об ошибке при незаполненном поле ввода First name\"\"\"\n        error_message = self.browser.find_element(*ERROR)\n        error_message_text = error_message.text\n        assert (\n>           error_message_text == \"Error: First Name is required\"\n        ), \"Wrong error message\"\nE       AssertionError: Wrong error message\n\npages/checkout_page.py:58: AssertionError","flaky":false,"newFailed":false,"newBroken":false,"newPassed":false,"retriesCount":0,"retriesStatusChange":false,"beforeStages":[{"name":"time_delta","time":{"start":1670341195495,"stop":1670341195495,"duration":0},"status":"passed","steps":[],"attachments":[],"parameters":[],"stepsCount":0,"attachmentsCount":0,"shouldDisplayMessage":false,"hasContent":false},{"name":"browser","time":{"start":1670341195496,"stop":1670341196790,"duration":1294},"status":"passed","steps":[],"attachments":[],"parameters":[],"stepsCount":0,"attachmentsCount":0,"shouldDisplayMessage":false,"hasContent":false},{"name":"password","time":{"start":1670341195496,"stop":1670341195496,"duration":0},"status":"passed","steps":[],"attachments":[],"parameters":[],"stepsCount":0,"attachmentsCount":0,"shouldDisplayMessage":false,"hasContent":false}],"afterStages":[{"name":"browser::0","time":{"start":1670341197252,"stop":1670341197311,"duration":59},"status":"passed","steps":[],"attachments":[],"parameters":[],"stepsCount":0,"attachmentsCount":0,"shouldDisplayMessage":false,"hasContent":false},{"name":"time_delta::0","time":{"start":1670341197312,"stop":1670341197312,"duration":0},"status":"passed","steps":[],"attachments":[],"parameters":[],"stepsCount":0,"attachmentsCount":0,"shouldDisplayMessage":false,"hasContent":false}],"labels":[{"name":"feature","value":"US_005.00 | Checkout: your information > Страница 'Ваша информация'"},{"name":"story","value":"TC_005.02.03 | Checkout: your information > Отсутствие вводимых данных в поле 'First name' на странице 'Checkout: your information' и работа кнопки 'CONTINUE' (негативный тест)."},{"name":"tag","value":"@pytest.mark.xfail(reason='Test Failed')"},{"name":"parentSuite","value":"tests"},{"name":"suite","value":"test_your_information"},{"name":"host","value":"fv-az241-905"},{"name":"thread","value":"2709-MainThread"},{"name":"framework","value":"pytest"},{"name":"language","value":"cpython3"},{"name":"package","value":"tests.test_your_information"},{"name":"resultFormat","value":"allure2"}],"parameters":[{"name":"username","value":"'problem_user'"}],"links":[],"hidden":false,"retry":false,"extra":{"severity":"normal","retries":[],"categories":[],"tags":["@pytest.mark.xfail(reason='Test Failed')"]},"source":"d1e3cbf19e470246.json","parameterValues":["'problem_user'"]}