{"uid":"ba80b8c929ee33f3","name":"test_finish_overview_empty_cart","fullName":"tests.test_overview#test_finish_overview_empty_cart","historyId":"60f1b0230ec0b345a428ac7ba76c3ba0","time":{"start":1670128908542,"stop":1670128909094,"duration":552},"status":"skipped","statusMessage":"XFAIL\n\nAssertionError: Wrong page\nassert 'checkout-complete' not in 'https://www...omplete.html'\n  'checkout-complete' is contained here:\n    https://www.saucedemo.com/checkout-complete.html\n  ?                           +++++++++++++++++","statusTrace":"browser = <selenium.webdriver.chrome.webdriver.WebDriver (session=\"38363ccc58d89a46914ef41253951a6b\")>\n\n    @allure.feature(\n        \"US_006.00 | Checkout: overview > Страница проверки и подтверждения заказа..\"\n    )\n    @allure.story(\n        \"TC_006.02.02 |  Checkout: overview > Работа кнопки 'FINISH' на странице 'Checkout: overview' \"\n        \"при отсутствии товаров в корзине.\"\n    )\n    @pytest.mark.xfail\n    def test_finish_overview_empty_cart(browser):\n        page = InventoryPage(browser, link)\n        page.go_to_cart()\n        page = CartPage(browser, link)\n        page.checkout_btn()\n        page = Checkout_page(browser, link)\n        page.checkout_user()\n        page = Overview_page(browser, link)\n        page.go_to_finish()\n>       assert \"checkout-complete\" not in browser.current_url, \"Wrong page\"\nE       AssertionError: Wrong page\nE       assert 'checkout-complete' not in 'https://www...omplete.html'\nE         'checkout-complete' is contained here:\nE           https://www.saucedemo.com/checkout-complete.html\nE         ?                           +++++++++++++++++\n\ntests/test_overview.py:134: AssertionError","flaky":false,"newFailed":false,"newBroken":false,"newPassed":false,"retriesCount":0,"retriesStatusChange":false,"beforeStages":[{"name":"browser","time":{"start":1670128907035,"stop":1670128908541,"duration":1506},"status":"passed","steps":[],"attachments":[],"parameters":[],"stepsCount":0,"attachmentsCount":0,"shouldDisplayMessage":false,"hasContent":false},{"name":"password","time":{"start":1670128907035,"stop":1670128907035,"duration":0},"status":"passed","steps":[],"attachments":[],"parameters":[],"stepsCount":0,"attachmentsCount":0,"shouldDisplayMessage":false,"hasContent":false},{"name":"username","time":{"start":1670128907035,"stop":1670128907035,"duration":0},"status":"passed","steps":[],"attachments":[],"parameters":[],"stepsCount":0,"attachmentsCount":0,"shouldDisplayMessage":false,"hasContent":false}],"afterStages":[{"name":"browser::0","time":{"start":1670128909105,"stop":1670128909165,"duration":60},"status":"passed","steps":[],"attachments":[],"parameters":[],"stepsCount":0,"attachmentsCount":0,"shouldDisplayMessage":false,"hasContent":false}],"labels":[{"name":"story","value":"TC_006.02.02 |  Checkout: overview > Работа кнопки 'FINISH' на странице 'Checkout: overview' при отсутствии товаров в корзине."},{"name":"feature","value":"US_006.00 | Checkout: overview > Страница проверки и подтверждения заказа.."},{"name":"tag","value":"@pytest.mark.xfail"},{"name":"parentSuite","value":"tests"},{"name":"suite","value":"test_overview"},{"name":"host","value":"fv-az190-494"},{"name":"thread","value":"2740-MainThread"},{"name":"framework","value":"pytest"},{"name":"language","value":"cpython3"},{"name":"package","value":"tests.test_overview"},{"name":"resultFormat","value":"allure2"}],"parameters":[],"links":[],"hidden":false,"retry":false,"extra":{"severity":"normal","retries":[],"categories":[],"history":{"statistic":{"failed":0,"broken":0,"skipped":3,"passed":0,"unknown":0,"total":3},"items":[{"uid":"f98a73c499119d17","reportUrl":"https://ivanovajulika.github.io/Sauce/154//#testresult/f98a73c499119d17","status":"skipped","statusDetails":"XFAIL\n\nAssertionError: Wrong page\nassert 'checkout-complete' not in 'https://www...omplete.html'\n  'checkout-complete' is contained here:\n    https://www.saucedemo.com/checkout-complete.html\n  ?                           +++++++++++++++++","time":{"start":1670128166949,"stop":1670128167544,"duration":595}},{"uid":"51cbc28c79ef0c60","reportUrl":"https://ivanovajulika.github.io/Sauce/153//#testresult/51cbc28c79ef0c60","status":"skipped","statusDetails":"XFAIL\n\nAssertionError: Wrong page\nassert 'checkout-complete' not in 'https://www...omplete.html'\n  'checkout-complete' is contained here:\n    https://www.saucedemo.com/checkout-complete.html\n  ?                           +++++++++++++++++","time":{"start":1670124463025,"stop":1670124463461,"duration":436}}]},"tags":["@pytest.mark.xfail"]},"source":"ba80b8c929ee33f3.json","parameterValues":[]}